2021-02-18 02:26:33 ERROR PsqlStore:186 - ResultSet not positioned properly, perhaps you need to call next.
2021-02-18 23:36:20 ERROR PsqlStore:87 - Колонки photo_id не найдено в этом ResultSet’’е.
2021-02-18 23:36:28 ERROR PsqlStore:87 - Колонки photo_id не найдено в этом ResultSet’’е.
2021-02-18 23:36:32 ERROR PsqlStore:87 - Колонки photo_id не найдено в этом ResultSet’’е.
2021-02-18 23:37:17 ERROR PsqlStore:87 - Колонки photo_id не найдено в этом ResultSet’’е.
2021-02-18 23:38:38 ERROR PsqlStore:87 - Колонки photo_id не найдено в этом ResultSet’’е.
2021-02-18 23:38:50 ERROR PsqlStore:87 - Колонки photo_id не найдено в этом ResultSet’’е.
2021-02-18 23:39:29 ERROR PsqlStore:87 - Колонки photo_id не найдено в этом ResultSet’’е.
2021-02-18 23:39:32 ERROR PsqlStore:87 - Колонки photo_id не найдено в этом ResultSet’’е.
2021-02-18 23:39:42 ERROR PsqlStore:87 - Колонки photo_id не найдено в этом ResultSet’’е.
2021-02-18 23:43:48 ERROR PsqlStore:87 - Колонки photo_id не найдено в этом ResultSet’’е.
2021-02-18 23:44:10 ERROR PsqlStore:87 - Колонки photo_id не найдено в этом ResultSet’’е.
2021-02-18 23:45:26 ERROR PsqlStore:87 - Колонки photo_id не найдено в этом ResultSet’’е.
2021-02-18 23:45:29 ERROR PsqlStore:87 - Колонки photo_id не найдено в этом ResultSet’’е.
2021-02-19 00:52:20 ERROR PsqlStore:87 - Колонки tittle не найдено в этом ResultSet’’е.
2021-02-19 00:52:41 ERROR PsqlStore:87 - Колонки tittle не найдено в этом ResultSet’’е.
2021-02-19 00:55:38 ERROR PsqlStore:87 - Колонки tittle не найдено в этом ResultSet’’е.
2021-02-19 00:57:49 ERROR PsqlStore:87 - Колонки tittle не найдено в этом ResultSet’’е.
2021-02-19 00:59:11 ERROR PsqlStore:87 - Колонки tittle не найдено в этом ResultSet’’е.
2021-02-19 00:59:15 ERROR PsqlStore:87 - Колонки tittle не найдено в этом ResultSet’’е.
2021-02-19 01:00:32 ERROR PsqlStore:87 - Колонки photoId не найдено в этом ResultSet’’е.
2021-02-19 01:02:46 ERROR PsqlStore:87 - Колонки photoId не найдено в этом ResultSet’’е.
2021-02-19 01:04:41 ERROR PsqlStore:87 - Колонки photoId не найдено в этом ResultSet’’е.
2021-02-19 01:06:55 ERROR PsqlStore:156 - ОШИБКА: столбец "tittle" в таблице "candidate" не существует
  Позиция: 29
2021-02-19 01:06:55 ERROR PsqlStore:87 - Колонки photoId не найдено в этом ResultSet’’е.
2021-02-19 01:07:51 ERROR PsqlStore:156 - ОШИБКА: столбец "tittle" в таблице "candidate" не существует
  Позиция: 29
2021-02-19 01:07:51 ERROR PsqlStore:87 - Колонки photoId не найдено в этом ResultSet’’е.
2021-02-19 01:07:54 ERROR PsqlStore:156 - ОШИБКА: столбец "tittle" в таблице "candidate" не существует
  Позиция: 29
2021-02-19 01:07:54 ERROR PsqlStore:87 - Колонки photoId не найдено в этом ResultSet’’е.
2021-02-19 01:14:48 ERROR PsqlStore:87 - РљРѕР»РѕРЅРєРё photoId РЅРµ РЅР°Р№РґРµРЅРѕ РІ СЌС‚РѕРј ResultSetвЂ™вЂ™Рµ.
2021-02-19 01:14:48 ERROR PsqlStore:156 - РћРЁРР‘РљРђ: СЃС‚РѕР»Р±РµС† "photoid" РІ С‚Р°Р±Р»РёС†Рµ "candidate" РЅРµ СЃСѓС‰РµСЃС‚РІСѓРµС‚
  РџРѕР·РёС†РёСЏ: 29
2021-02-19 01:14:48 ERROR PsqlStore:87 - РљРѕР»РѕРЅРєРё photoId РЅРµ РЅР°Р№РґРµРЅРѕ РІ СЌС‚РѕРј ResultSetвЂ™вЂ™Рµ.
2021-02-19 01:14:48 ERROR PsqlStore:87 - РљРѕР»РѕРЅРєРё photoId РЅРµ РЅР°Р№РґРµРЅРѕ РІ СЌС‚РѕРј ResultSetвЂ™вЂ™Рµ.
2021-02-19 01:14:48 ERROR PsqlStore:87 - РљРѕР»РѕРЅРєРё photoId РЅРµ РЅР°Р№РґРµРЅРѕ РІ СЌС‚РѕРј ResultSetвЂ™вЂ™Рµ.
2021-02-19 01:14:48 ERROR PsqlStore:87 - РљРѕР»РѕРЅРєРё photoId РЅРµ РЅР°Р№РґРµРЅРѕ РІ СЌС‚РѕРј ResultSetвЂ™вЂ™Рµ.
2021-02-19 01:18:23 ERROR PsqlStore:87 - РљРѕР»РѕРЅРєРё photoId РЅРµ РЅР°Р№РґРµРЅРѕ РІ СЌС‚РѕРј ResultSetвЂ™вЂ™Рµ.
2021-02-19 01:18:23 ERROR PsqlStore:87 - РљРѕР»РѕРЅРєРё photoId РЅРµ РЅР°Р№РґРµРЅРѕ РІ СЌС‚РѕРј ResultSetвЂ™вЂ™Рµ.
2021-02-19 01:26:57 ERROR PsqlStore:154 - ОШИБКА: столбец "photoid" в таблице "candidate" не существует
  Позиция: 29
2021-02-19 01:58:51 ERROR PsqlStore:154 - ОШИБКА: столбец "photoid" в таблице "candidate" не существует
  Позиция: 29
2021-02-19 02:13:37 ERROR PsqlStore:154 - ОШИБКА: столбец "photoid" в таблице "candidate" не существует
  Позиция: 29
2021-02-19 02:26:40 ERROR PsqlStore:154 - ОШИБКА: столбец "photoid" в таблице "candidate" не существует
  Позиция: 29
2021-02-19 03:48:39 ERROR PsqlStore:209 - РћРЁРР‘РљРђ: РѕС€РёР±РєР° СЃРёРЅС‚Р°РєСЃРёСЃР° (РїСЂРёРјРµСЂРЅРѕРµ РїРѕР»РѕР¶РµРЅРёРµ: ".")
  РџРѕР·РёС†РёСЏ: 46
2021-02-19 03:48:39 ERROR PsqlStore:85 - РћРЁРР‘РљРђ: РѕС€РёР±РєР° СЃРёРЅС‚Р°РєСЃРёСЃР° (РїСЂРёРјРµСЂРЅРѕРµ РїРѕР»РѕР¶РµРЅРёРµ: ".")
  РџРѕР·РёС†РёСЏ: 46
2021-02-19 03:48:39 ERROR PsqlStore:85 - РћРЁРР‘РљРђ: РѕС€РёР±РєР° СЃРёРЅС‚Р°РєСЃРёСЃР° (РїСЂРёРјРµСЂРЅРѕРµ РїРѕР»РѕР¶РµРЅРёРµ: ".")
  РџРѕР·РёС†РёСЏ: 46
2021-02-19 03:50:49 ERROR PsqlStore:209 - РћРЁРР‘РљРђ: СЃС‚РѕР»Р±РµС† t2.idp РЅРµ СЃСѓС‰РµСЃС‚РІСѓРµС‚
  РџРѕРґСЃРєР°Р·РєР°: Р’РѕР·РјРѕР¶РЅРѕ, РїСЂРµРґРїРѕР»Р°РіР°Р»Р°СЃСЊ СЃСЃС‹Р»РєР° РЅР° СЃС‚РѕР»Р±РµС† "t2.id".
  РџРѕР·РёС†РёСЏ: 50
2021-02-19 03:50:49 ERROR PsqlStore:85 - РћРЁРР‘РљРђ: СЃС‚РѕР»Р±РµС† t2.idp РЅРµ СЃСѓС‰РµСЃС‚РІСѓРµС‚
  РџРѕРґСЃРєР°Р·РєР°: Р’РѕР·РјРѕР¶РЅРѕ, РїСЂРµРґРїРѕР»Р°РіР°Р»Р°СЃСЊ СЃСЃС‹Р»РєР° РЅР° СЃС‚РѕР»Р±РµС† "t2.id".
  РџРѕР·РёС†РёСЏ: 50
2021-02-19 03:50:49 ERROR PsqlStore:85 - РћРЁРР‘РљРђ: СЃС‚РѕР»Р±РµС† t2.idp РЅРµ СЃСѓС‰РµСЃС‚РІСѓРµС‚
  РџРѕРґСЃРєР°Р·РєР°: Р’РѕР·РјРѕР¶РЅРѕ, РїСЂРµРґРїРѕР»Р°РіР°Р»Р°СЃСЊ СЃСЃС‹Р»РєР° РЅР° СЃС‚РѕР»Р±РµС† "t2.id".
  РџРѕР·РёС†РёСЏ: 50
2021-02-19 03:53:02 ERROR PsqlStore:85 - ОШИБКА: столбец t1.photo_idc не существует
  Подсказка: Возможно, предполагалась ссылка на столбец "t1.photo_id".
  Позиция: 59
2021-02-19 03:53:28 ERROR PsqlStore:85 - ОШИБКА: столбец t1.photo_idc не существует
  Подсказка: Возможно, предполагалась ссылка на столбец "t1.photo_id".
  Позиция: 59
2021-02-19 03:54:53 ERROR PsqlStore:209 - РћРЁРР‘РљРђ: СЃС‚РѕР»Р±РµС† t1.photo_idc РЅРµ СЃСѓС‰РµСЃС‚РІСѓРµС‚
  РџРѕРґСЃРєР°Р·РєР°: Р’РѕР·РјРѕР¶РЅРѕ, РїСЂРµРґРїРѕР»Р°РіР°Р»Р°СЃСЊ СЃСЃС‹Р»РєР° РЅР° СЃС‚РѕР»Р±РµС† "t1.photo_id".
  РџРѕР·РёС†РёСЏ: 59
2021-02-19 03:54:53 ERROR PsqlStore:85 - РћРЁРР‘РљРђ: СЃС‚РѕР»Р±РµС† t1.photo_idc РЅРµ СЃСѓС‰РµСЃС‚РІСѓРµС‚
  РџРѕРґСЃРєР°Р·РєР°: Р’РѕР·РјРѕР¶РЅРѕ, РїСЂРµРґРїРѕР»Р°РіР°Р»Р°СЃСЊ СЃСЃС‹Р»РєР° РЅР° СЃС‚РѕР»Р±РµС† "t1.photo_id".
  РџРѕР·РёС†РёСЏ: 59
2021-02-19 03:54:53 ERROR PsqlStore:85 - РћРЁРР‘РљРђ: СЃС‚РѕР»Р±РµС† t1.photo_idc РЅРµ СЃСѓС‰РµСЃС‚РІСѓРµС‚
  РџРѕРґСЃРєР°Р·РєР°: Р’РѕР·РјРѕР¶РЅРѕ, РїСЂРµРґРїРѕР»Р°РіР°Р»Р°СЃСЊ СЃСЃС‹Р»РєР° РЅР° СЃС‚РѕР»Р±РµС† "t1.photo_id".
  РџРѕР·РёС†РёСЏ: 59
2021-02-19 03:54:53 ERROR PsqlStore:258 - РћРЁРР‘РљРђ: СЃС‚РѕР»Р±РµС† "id" РЅРµ СЃСѓС‰РµСЃС‚РІСѓРµС‚
  РџРѕРґСЃРєР°Р·РєР°: Р’РѕР·РјРѕР¶РЅРѕ, РїСЂРµРґРїРѕР»Р°РіР°Р»Р°СЃСЊ СЃСЃС‹Р»РєР° РЅР° СЃС‚РѕР»Р±РµС† "photo.idp".
  РџРѕР·РёС†РёСЏ: 27
2021-02-19 03:55:04 ERROR PsqlStore:209 - РћРЁРР‘РљРђ: СЃС‚РѕР»Р±РµС† t1.photo_idc РЅРµ СЃСѓС‰РµСЃС‚РІСѓРµС‚
  РџРѕРґСЃРєР°Р·РєР°: Р’РѕР·РјРѕР¶РЅРѕ, РїСЂРµРґРїРѕР»Р°РіР°Р»Р°СЃСЊ СЃСЃС‹Р»РєР° РЅР° СЃС‚РѕР»Р±РµС† "t1.photo_id".
  РџРѕР·РёС†РёСЏ: 59
2021-02-19 03:55:04 ERROR PsqlStore:85 - РћРЁРР‘РљРђ: СЃС‚РѕР»Р±РµС† t1.photo_idc РЅРµ СЃСѓС‰РµСЃС‚РІСѓРµС‚
  РџРѕРґСЃРєР°Р·РєР°: Р’РѕР·РјРѕР¶РЅРѕ, РїСЂРµРґРїРѕР»Р°РіР°Р»Р°СЃСЊ СЃСЃС‹Р»РєР° РЅР° СЃС‚РѕР»Р±РµС† "t1.photo_id".
  РџРѕР·РёС†РёСЏ: 59
2021-02-19 03:55:04 ERROR PsqlStore:85 - РћРЁРР‘РљРђ: СЃС‚РѕР»Р±РµС† t1.photo_idc РЅРµ СЃСѓС‰РµСЃС‚РІСѓРµС‚
  РџРѕРґСЃРєР°Р·РєР°: Р’РѕР·РјРѕР¶РЅРѕ, РїСЂРµРґРїРѕР»Р°РіР°Р»Р°СЃСЊ СЃСЃС‹Р»РєР° РЅР° СЃС‚РѕР»Р±РµС† "t1.photo_id".
  РџРѕР·РёС†РёСЏ: 59
2021-02-19 03:55:04 ERROR PsqlStore:258 - РћРЁРР‘РљРђ: СЃС‚РѕР»Р±РµС† "id" РЅРµ СЃСѓС‰РµСЃС‚РІСѓРµС‚
  РџРѕРґСЃРєР°Р·РєР°: Р’РѕР·РјРѕР¶РЅРѕ, РїСЂРµРґРїРѕР»Р°РіР°Р»Р°СЃСЊ СЃСЃС‹Р»РєР° РЅР° СЃС‚РѕР»Р±РµС† "photo.idp".
  РџРѕР·РёС†РёСЏ: 27
2021-02-19 03:55:13 ERROR PsqlStore:209 - РћРЁРР‘РљРђ: СЃС‚РѕР»Р±РµС† t1.photo_idc РЅРµ СЃСѓС‰РµСЃС‚РІСѓРµС‚
  РџРѕРґСЃРєР°Р·РєР°: Р’РѕР·РјРѕР¶РЅРѕ, РїСЂРµРґРїРѕР»Р°РіР°Р»Р°СЃСЊ СЃСЃС‹Р»РєР° РЅР° СЃС‚РѕР»Р±РµС† "t1.photo_id".
  РџРѕР·РёС†РёСЏ: 59
2021-02-19 03:55:13 ERROR PsqlStore:85 - РћРЁРР‘РљРђ: СЃС‚РѕР»Р±РµС† t1.photo_idc РЅРµ СЃСѓС‰РµСЃС‚РІСѓРµС‚
  РџРѕРґСЃРєР°Р·РєР°: Р’РѕР·РјРѕР¶РЅРѕ, РїСЂРµРґРїРѕР»Р°РіР°Р»Р°СЃСЊ СЃСЃС‹Р»РєР° РЅР° СЃС‚РѕР»Р±РµС† "t1.photo_id".
  РџРѕР·РёС†РёСЏ: 59
2021-02-19 03:55:13 ERROR PsqlStore:85 - РћРЁРР‘РљРђ: СЃС‚РѕР»Р±РµС† t1.photo_idc РЅРµ СЃСѓС‰РµСЃС‚РІСѓРµС‚
  РџРѕРґСЃРєР°Р·РєР°: Р’РѕР·РјРѕР¶РЅРѕ, РїСЂРµРґРїРѕР»Р°РіР°Р»Р°СЃСЊ СЃСЃС‹Р»РєР° РЅР° СЃС‚РѕР»Р±РµС† "t1.photo_id".
  РџРѕР·РёС†РёСЏ: 59
2021-02-19 03:55:13 ERROR PsqlStore:258 - РћРЁРР‘РљРђ: СЃС‚РѕР»Р±РµС† "id" РЅРµ СЃСѓС‰РµСЃС‚РІСѓРµС‚
  РџРѕРґСЃРєР°Р·РєР°: Р’РѕР·РјРѕР¶РЅРѕ, РїСЂРµРґРїРѕР»Р°РіР°Р»Р°СЃСЊ СЃСЃС‹Р»РєР° РЅР° СЃС‚РѕР»Р±РµС† "photo.idp".
  РџРѕР·РёС†РёСЏ: 27
2021-02-19 03:56:11 ERROR PsqlStore:209 - РћРЁРР‘РљРђ: СЃС‚РѕР»Р±РµС† t1.photo_idc РЅРµ СЃСѓС‰РµСЃС‚РІСѓРµС‚
  РџРѕРґСЃРєР°Р·РєР°: Р’РѕР·РјРѕР¶РЅРѕ, РїСЂРµРґРїРѕР»Р°РіР°Р»Р°СЃСЊ СЃСЃС‹Р»РєР° РЅР° СЃС‚РѕР»Р±РµС† "t1.photo_id".
  РџРѕР·РёС†РёСЏ: 59
2021-02-19 03:56:11 ERROR PsqlStore:85 - РћРЁРР‘РљРђ: СЃС‚РѕР»Р±РµС† t1.photo_idc РЅРµ СЃСѓС‰РµСЃС‚РІСѓРµС‚
  РџРѕРґСЃРєР°Р·РєР°: Р’РѕР·РјРѕР¶РЅРѕ, РїСЂРµРґРїРѕР»Р°РіР°Р»Р°СЃСЊ СЃСЃС‹Р»РєР° РЅР° СЃС‚РѕР»Р±РµС† "t1.photo_id".
  РџРѕР·РёС†РёСЏ: 59
2021-02-19 03:56:11 ERROR PsqlStore:85 - РћРЁРР‘РљРђ: СЃС‚РѕР»Р±РµС† t1.photo_idc РЅРµ СЃСѓС‰РµСЃС‚РІСѓРµС‚
  РџРѕРґСЃРєР°Р·РєР°: Р’РѕР·РјРѕР¶РЅРѕ, РїСЂРµРґРїРѕР»Р°РіР°Р»Р°СЃСЊ СЃСЃС‹Р»РєР° РЅР° СЃС‚РѕР»Р±РµС† "t1.photo_id".
  РџРѕР·РёС†РёСЏ: 59
2021-02-19 03:56:19 ERROR PsqlStore:209 - РћРЁРР‘РљРђ: СЃС‚РѕР»Р±РµС† t1.photo_idc РЅРµ СЃСѓС‰РµСЃС‚РІСѓРµС‚
  РџРѕРґСЃРєР°Р·РєР°: Р’РѕР·РјРѕР¶РЅРѕ, РїСЂРµРґРїРѕР»Р°РіР°Р»Р°СЃСЊ СЃСЃС‹Р»РєР° РЅР° СЃС‚РѕР»Р±РµС† "t1.photo_id".
  РџРѕР·РёС†РёСЏ: 59
2021-02-19 03:56:19 ERROR PsqlStore:85 - РћРЁРР‘РљРђ: СЃС‚РѕР»Р±РµС† t1.photo_idc РЅРµ СЃСѓС‰РµСЃС‚РІСѓРµС‚
  РџРѕРґСЃРєР°Р·РєР°: Р’РѕР·РјРѕР¶РЅРѕ, РїСЂРµРґРїРѕР»Р°РіР°Р»Р°СЃСЊ СЃСЃС‹Р»РєР° РЅР° СЃС‚РѕР»Р±РµС† "t1.photo_id".
  РџРѕР·РёС†РёСЏ: 59
2021-02-19 03:56:19 ERROR PsqlStore:85 - РћРЁРР‘РљРђ: СЃС‚РѕР»Р±РµС† t1.photo_idc РЅРµ СЃСѓС‰РµСЃС‚РІСѓРµС‚
  РџРѕРґСЃРєР°Р·РєР°: Р’РѕР·РјРѕР¶РЅРѕ, РїСЂРµРґРїРѕР»Р°РіР°Р»Р°СЃСЊ СЃСЃС‹Р»РєР° РЅР° СЃС‚РѕР»Р±РµС† "t1.photo_id".
  РџРѕР·РёС†РёСЏ: 59
2021-02-19 03:59:58 ERROR PsqlStore:154 - РћРЁРР‘РљРђ: INSERT РёР»Рё UPDATE РІ С‚Р°Р±Р»РёС†Рµ "candidate" РЅР°СЂСѓС€Р°РµС‚ РѕРіСЂР°РЅРёС‡РµРЅРёРµ РІРЅРµС€РЅРµРіРѕ РєР»СЋС‡Р° "candidate_photo_id_fkey"
  РџРѕРґСЂРѕР±РЅРѕСЃС‚Рё: РљР»СЋС‡ (photo_id)=(0) РѕС‚СЃСѓС‚СЃС‚РІСѓРµС‚ РІ С‚Р°Р±Р»РёС†Рµ "photo".
2021-02-19 03:59:58 ERROR PsqlStore:169 - РћРЁРР‘РљРђ: INSERT РёР»Рё UPDATE РІ С‚Р°Р±Р»РёС†Рµ "candidate" РЅР°СЂСѓС€Р°РµС‚ РѕРіСЂР°РЅРёС‡РµРЅРёРµ РІРЅРµС€РЅРµРіРѕ РєР»СЋС‡Р° "candidate_photo_id_fkey"
  РџРѕРґСЂРѕР±РЅРѕСЃС‚Рё: РљР»СЋС‡ (photo_id)=(0) РѕС‚СЃСѓС‚СЃС‚РІСѓРµС‚ РІ С‚Р°Р±Р»РёС†Рµ "photo".
2021-02-19 04:02:13 ERROR PsqlStore:154 - РћРЁРР‘РљРђ: INSERT РёР»Рё UPDATE РІ С‚Р°Р±Р»РёС†Рµ "candidate" РЅР°СЂСѓС€Р°РµС‚ РѕРіСЂР°РЅРёС‡РµРЅРёРµ РІРЅРµС€РЅРµРіРѕ РєР»СЋС‡Р° "candidate_photo_id_fkey"
  РџРѕРґСЂРѕР±РЅРѕСЃС‚Рё: РљР»СЋС‡ (photo_id)=(0) РѕС‚СЃСѓС‚СЃС‚РІСѓРµС‚ РІ С‚Р°Р±Р»РёС†Рµ "photo".
2021-02-19 04:12:42 ERROR PsqlStore:154 - ОШИБКА: INSERT или UPDATE в таблице "candidate" нарушает ограничение внешнего ключа "candidate_photo_id_fkey"
  Подробности: Ключ (photo_id)=(0) отсутствует в таблице "photo".
2021-02-19 04:12:52 ERROR PsqlStore:154 - ОШИБКА: INSERT или UPDATE в таблице "candidate" нарушает ограничение внешнего ключа "candidate_photo_id_fkey"
  Подробности: Ключ (photo_id)=(0) отсутствует в таблице "photo".
2021-02-19 04:13:28 ERROR PsqlStore:154 - ОШИБКА: INSERT или UPDATE в таблице "candidate" нарушает ограничение внешнего ключа "candidate_photo_id_fkey"
  Подробности: Ключ (photo_id)=(0) отсутствует в таблице "photo".
2021-02-19 04:16:26 ERROR PsqlStore:154 - ОШИБКА: INSERT или UPDATE в таблице "candidate" нарушает ограничение внешнего ключа "candidate_photo_id_fkey"
  Подробности: Ключ (photo_id)=(0) отсутствует в таблице "photo".
2021-02-19 04:22:39 ERROR PsqlStore:154 - ОШИБКА: INSERT или UPDATE в таблице "candidate" нарушает ограничение внешнего ключа "candidate_photo_id_fkey"
  Подробности: Ключ (photo_id)=(0) отсутствует в таблице "photo".
2021-02-19 04:22:48 ERROR PsqlStore:169 - ОШИБКА: INSERT или UPDATE в таблице "candidate" нарушает ограничение внешнего ключа "candidate_photo_id_fkey"
  Подробности: Ключ (photo_id)=(3) отсутствует в таблице "photo".
2021-02-19 04:22:54 ERROR PsqlStore:169 - ОШИБКА: INSERT или UPDATE в таблице "candidate" нарушает ограничение внешнего ключа "candidate_photo_id_fkey"
  Подробности: Ключ (photo_id)=(7) отсутствует в таблице "photo".
2021-02-19 04:23:02 ERROR PsqlStore:169 - ОШИБКА: INSERT или UPDATE в таблице "candidate" нарушает ограничение внешнего ключа "candidate_photo_id_fkey"
  Подробности: Ключ (photo_id)=(3) отсутствует в таблице "photo".
2021-02-19 04:23:24 ERROR PsqlStore:169 - ОШИБКА: INSERT или UPDATE в таблице "candidate" нарушает ограничение внешнего ключа "candidate_photo_id_fkey"
  Подробности: Ключ (photo_id)=(3) отсутствует в таблице "photo".
2021-02-19 04:23:31 ERROR PsqlStore:169 - ОШИБКА: INSERT или UPDATE в таблице "candidate" нарушает ограничение внешнего ключа "candidate_photo_id_fkey"
  Подробности: Ключ (photo_id)=(7) отсутствует в таблице "photo".
2021-02-19 04:24:58 ERROR PsqlStore:169 - ОШИБКА: INSERT или UPDATE в таблице "candidate" нарушает ограничение внешнего ключа "candidate_photo_id_fkey"
  Подробности: Ключ (photo_id)=(3) отсутствует в таблице "photo".
2021-02-19 04:25:03 ERROR PsqlStore:169 - ОШИБКА: INSERT или UPDATE в таблице "candidate" нарушает ограничение внешнего ключа "candidate_photo_id_fkey"
  Подробности: Ключ (photo_id)=(3) отсутствует в таблице "photo".
2021-02-19 04:25:09 ERROR PsqlStore:169 - ОШИБКА: INSERT или UPDATE в таблице "candidate" нарушает ограничение внешнего ключа "candidate_photo_id_fkey"
  Подробности: Ключ (photo_id)=(3) отсутствует в таблице "photo".
2021-02-19 04:25:15 ERROR PsqlStore:154 - ОШИБКА: INSERT или UPDATE в таблице "candidate" нарушает ограничение внешнего ключа "candidate_photo_id_fkey"
  Подробности: Ключ (photo_id)=(0) отсутствует в таблице "photo".
2021-02-19 04:26:29 ERROR PsqlStore:169 - ОШИБКА: INSERT или UPDATE в таблице "candidate" нарушает ограничение внешнего ключа "candidate_photo_id_fkey"
  Подробности: Ключ (photo_id)=(3) отсутствует в таблице "photo".
2021-02-19 04:26:39 ERROR PsqlStore:169 - ОШИБКА: INSERT или UPDATE в таблице "candidate" нарушает ограничение внешнего ключа "candidate_photo_id_fkey"
  Подробности: Ключ (photo_id)=(3) отсутствует в таблице "photo".
2021-02-19 04:26:43 ERROR PsqlStore:169 - ОШИБКА: INSERT или UPDATE в таблице "candidate" нарушает ограничение внешнего ключа "candidate_photo_id_fkey"
  Подробности: Ключ (photo_id)=(3) отсутствует в таблице "photo".
2021-02-19 04:27:32 ERROR PsqlStore:169 - ОШИБКА: INSERT или UPDATE в таблице "candidate" нарушает ограничение внешнего ключа "candidate_photo_id_fkey"
  Подробности: Ключ (photo_id)=(3) отсутствует в таблице "photo".
2021-02-19 04:27:58 ERROR PsqlStore:169 - ОШИБКА: INSERT или UPDATE в таблице "candidate" нарушает ограничение внешнего ключа "candidate_photo_id_fkey"
  Подробности: Ключ (photo_id)=(3) отсутствует в таблице "photo".
2021-02-19 04:28:02 ERROR PsqlStore:169 - ОШИБКА: INSERT или UPDATE в таблице "candidate" нарушает ограничение внешнего ключа "candidate_photo_id_fkey"
  Подробности: Ключ (photo_id)=(3) отсутствует в таблице "photo".
2021-02-19 04:28:13 ERROR PsqlStore:154 - ОШИБКА: INSERT или UPDATE в таблице "candidate" нарушает ограничение внешнего ключа "candidate_photo_id_fkey"
  Подробности: Ключ (photo_id)=(0) отсутствует в таблице "photo".
2021-02-19 04:28:19 ERROR PsqlStore:154 - ОШИБКА: INSERT или UPDATE в таблице "candidate" нарушает ограничение внешнего ключа "candidate_photo_id_fkey"
  Подробности: Ключ (photo_id)=(0) отсутствует в таблице "photo".
2021-02-19 04:28:28 ERROR PsqlStore:154 - ОШИБКА: INSERT или UPDATE в таблице "candidate" нарушает ограничение внешнего ключа "candidate_photo_id_fkey"
  Подробности: Ключ (photo_id)=(0) отсутствует в таблице "photo".
2021-02-19 04:29:46 ERROR PsqlStore:169 - ОШИБКА: INSERT или UPDATE в таблице "candidate" нарушает ограничение внешнего ключа "candidate_photo_id_fkey"
  Подробности: Ключ (photo_id)=(3) отсутствует в таблице "photo".
2021-02-19 04:29:52 ERROR PsqlStore:169 - ОШИБКА: INSERT или UPDATE в таблице "candidate" нарушает ограничение внешнего ключа "candidate_photo_id_fkey"
  Подробности: Ключ (photo_id)=(3) отсутствует в таблице "photo".
2021-02-19 04:29:57 ERROR PsqlStore:169 - ОШИБКА: INSERT или UPDATE в таблице "candidate" нарушает ограничение внешнего ключа "candidate_photo_id_fkey"
  Подробности: Ключ (photo_id)=(3) отсутствует в таблице "photo".
2021-02-19 04:30:53 ERROR PsqlStore:169 - ОШИБКА: INSERT или UPDATE в таблице "candidate" нарушает ограничение внешнего ключа "candidate_photo_id_fkey"
  Подробности: Ключ (photo_id)=(3) отсутствует в таблице "photo".
2021-02-19 04:34:22 ERROR PsqlStore:169 - ОШИБКА: INSERT или UPDATE в таблице "candidate" нарушает ограничение внешнего ключа "candidate_photo_id_fkey"
  Подробности: Ключ (photo_id)=(3) отсутствует в таблице "photo".
2021-02-19 04:34:44 ERROR PsqlStore:169 - ОШИБКА: INSERT или UPDATE в таблице "candidate" нарушает ограничение внешнего ключа "candidate_photo_id_fkey"
  Подробности: Ключ (photo_id)=(3) отсутствует в таблице "photo".
2021-02-19 04:34:49 ERROR PsqlStore:169 - ОШИБКА: INSERT или UPDATE в таблице "candidate" нарушает ограничение внешнего ключа "candidate_photo_id_fkey"
  Подробности: Ключ (photo_id)=(3) отсутствует в таблице "photo".
2021-02-19 04:39:13 ERROR PsqlStore:169 - ОШИБКА: INSERT или UPDATE в таблице "candidate" нарушает ограничение внешнего ключа "candidate_photo_id_fkey"
  Подробности: Ключ (photo_id)=(3) отсутствует в таблице "photo".
2021-02-19 04:41:33 ERROR PsqlStore:169 - ОШИБКА: INSERT или UPDATE в таблице "candidate" нарушает ограничение внешнего ключа "candidate_photo_id_fkey"
  Подробности: Ключ (photo_id)=(6) отсутствует в таблице "photo".
2021-02-19 04:41:39 ERROR PsqlStore:169 - ОШИБКА: INSERT или UPDATE в таблице "candidate" нарушает ограничение внешнего ключа "candidate_photo_id_fkey"
  Подробности: Ключ (photo_id)=(6) отсутствует в таблице "photo".
2021-02-19 04:42:21 ERROR PsqlStore:169 - ОШИБКА: INSERT или UPDATE в таблице "candidate" нарушает ограничение внешнего ключа "candidate_photo_id_fkey"
  Подробности: Ключ (photo_id)=(3) отсутствует в таблице "photo".
2021-02-19 04:42:25 ERROR PsqlStore:169 - ОШИБКА: INSERT или UPDATE в таблице "candidate" нарушает ограничение внешнего ключа "candidate_photo_id_fkey"
  Подробности: Ключ (photo_id)=(6) отсутствует в таблице "photo".
2021-02-19 04:42:28 ERROR PsqlStore:169 - ОШИБКА: INSERT или UPDATE в таблице "candidate" нарушает ограничение внешнего ключа "candidate_photo_id_fkey"
  Подробности: Ключ (photo_id)=(6) отсутствует в таблице "photo".
2021-02-19 04:42:33 ERROR PsqlStore:154 - ОШИБКА: INSERT или UPDATE в таблице "candidate" нарушает ограничение внешнего ключа "candidate_photo_id_fkey"
  Подробности: Ключ (photo_id)=(0) отсутствует в таблице "photo".
2021-02-19 04:42:39 ERROR PsqlStore:154 - ОШИБКА: INSERT или UPDATE в таблице "candidate" нарушает ограничение внешнего ключа "candidate_photo_id_fkey"
  Подробности: Ключ (photo_id)=(0) отсутствует в таблице "photo".
2021-02-19 10:31:41 ERROR PsqlStore:169 - ОШИБКА: INSERT или UPDATE в таблице "candidate" нарушает ограничение внешнего ключа "candidate_photo_id_fkey"
  Подробности: Ключ (photo_id)=(7) отсутствует в таблице "photo".
2021-02-19 10:32:01 ERROR PsqlStore:169 - ОШИБКА: INSERT или UPDATE в таблице "candidate" нарушает ограничение внешнего ключа "candidate_photo_id_fkey"
  Подробности: Ключ (photo_id)=(7) отсутствует в таблице "photo".
2021-02-19 10:32:10 ERROR PsqlStore:154 - ОШИБКА: INSERT или UPDATE в таблице "candidate" нарушает ограничение внешнего ключа "candidate_photo_id_fkey"
  Подробности: Ключ (photo_id)=(0) отсутствует в таблице "photo".
2021-02-19 10:37:31 ERROR PsqlStore:154 - ОШИБКА: INSERT или UPDATE в таблице "candidate" нарушает ограничение внешнего ключа "candidate_photo_id_fkey"
  Подробности: Ключ (photo_id)=(0) отсутствует в таблице "photo".
2021-02-19 14:18:44 ERROR PsqlStore:169 - ОШИБКА: INSERT или UPDATE в таблице "candidate" нарушает ограничение внешнего ключа "candidate_photo_id_fkey"
  Подробности: Ключ (photo_id)=(7) отсутствует в таблице "photo".
2021-02-19 14:30:07 ERROR PsqlStore:169 - ОШИБКА: INSERT или UPDATE в таблице "candidate" нарушает ограничение внешнего ключа "candidate_photo_id_fkey"
  Подробности: Ключ (photo_id)=(6) отсутствует в таблице "photo".
2021-02-19 14:42:36 ERROR PsqlStore:169 - ОШИБКА: INSERT или UPDATE в таблице "candidate" нарушает ограничение внешнего ключа "candidate_photo_id_fkey"
  Подробности: Ключ (photo_id)=(6) отсутствует в таблице "photo".
2021-02-19 14:42:47 ERROR PsqlStore:154 - ОШИБКА: INSERT или UPDATE в таблице "candidate" нарушает ограничение внешнего ключа "candidate_photo_id_fkey"
  Подробности: Ключ (photo_id)=(0) отсутствует в таблице "photo".
2021-02-21 14:22:37 ERROR PsqlStore:155 - РћРЁРР‘РљРђ: СЃС‚РѕР»Р±РµС† "name" СѓРєР°Р·Р°РЅ РЅРµРѕРґРЅРѕРєСЂР°С‚РЅРѕ
  РџРѕР·РёС†РёСЏ: 29
2021-02-21 14:24:16 ERROR PsqlStore:155 - РћРЁРР‘РљРђ: СЃС‚РѕР»Р±РµС† "name" СѓРєР°Р·Р°РЅ РЅРµРѕРґРЅРѕРєСЂР°С‚РЅРѕ
  РџРѕР·РёС†РёСЏ: 29
2021-02-21 21:00:05 ERROR PsqlStore:155 - РћРЁРР‘РљРђ: СЃС‚РѕР»Р±РµС† "name" СѓРєР°Р·Р°РЅ РЅРµРѕРґРЅРѕРєСЂР°С‚РЅРѕ
  РџРѕР·РёС†РёСЏ: 29
2021-02-24 01:46:13 ERROR PsqlStore:155 - РћРЁРР‘РљРђ: INSERT РёР»Рё UPDATE РІ С‚Р°Р±Р»РёС†Рµ "candidate" РЅР°СЂСѓС€Р°РµС‚ РѕРіСЂР°РЅРёС‡РµРЅРёРµ РІРЅРµС€РЅРµРіРѕ РєР»СЋС‡Р° "candidate_photo_id_fkey"
  РџРѕРґСЂРѕР±РЅРѕСЃС‚Рё: РљР»СЋС‡ (photo_id)=(0) РѕС‚СЃСѓС‚СЃС‚РІСѓРµС‚ РІ С‚Р°Р±Р»РёС†Рµ "photo".
